#
# There is insufficient memory for the Java Runtime Environment to continue.
# Native memory allocation (mmap) failed to map 266338304 bytes. Error detail: G1 virtual space
# Possible reasons:
#   The system is out of physical RAM or swap space
#   This process is running with CompressedOops enabled, and the Java Heap may be blocking the growth of the native heap
# Possible solutions:
#   Reduce memory load on the system
#   Increase physical memory or swap space
#   Check if swap backing store is full
#   Decrease Java heap size (-Xmx/-Xms)
#   Decrease number of Java threads
#   Decrease Java thread stack sizes (-Xss)
#   Set larger code cache with -XX:ReservedCodeCacheSize=
#   JVM is running with Zero Based Compressed Oops mode in which the Java heap is
#     placed in the first 32GB address space. The Java Heap base address is the
#     maximum limit for the native heap growth. Please use -XX:HeapBaseMinAddress
#     to set the Java Heap base and to place the Java Heap above 32GB virtual address.
# This output file may be truncated or incomplete.
#
#  Out of Memory Error (os_windows.cpp:3815), pid=12864, tid=4532
#
# JRE version:  (21.0.3+13) (build )
# Java VM: OpenJDK 64-Bit Server VM (21.0.3+13-b509.11, mixed mode, sharing, tiered, compressed oops, compressed class ptrs, g1 gc, windows-amd64)
# No core dump will be written. Minidumps are not enabled by default on client versions of Windows
#

---------------  S U M M A R Y ------------

Command Line: git4idea.http.GitAskPassApp Username for 'https://github.com': 

Host: Intel(R) Core(TM) i7-1065G7 CPU @ 1.30GHz, 8 cores, 15G,  Windows 11 , 64 bit Build 26100 (10.0.26100.4202)
Time: Fri Jun 20 23:12:01 2025 Temps universel coordonné elapsed time: 1.503705 seconds (0d 0h 0m 1s)

---------------  T H R E A D  ---------------

Current thread (0x0000016de0a22c20):  JavaThread "Unknown thread" [_thread_in_vm, id=4532, stack(0x0000002705c00000,0x0000002705d00000) (1024K)]

Stack: [0x0000002705c00000,0x0000002705d00000]
Native frames: (J=compiled Java code, j=interpreted, Vv=VM code, C=native code)
V  [jvm.dll+0x6e02f9]
V  [jvm.dll+0x8bd383]
V  [jvm.dll+0x8bf8de]
V  [jvm.dll+0x8bffc3]
V  [jvm.dll+0x2879c6]
V  [jvm.dll+0x6dcac5]
V  [jvm.dll+0x6d0f9a]
V  [jvm.dll+0x35f9bb]
V  [jvm.dll+0x367566]
V  [jvm.dll+0x3b8b56]
V  [jvm.dll+0x3b8e28]
V  [jvm.dll+0x33217c]
V  [jvm.dll+0x332e6b]
V  [jvm.dll+0x8845e9]
V  [jvm.dll+0x3c5f38]
V  [jvm.dll+0x86d80d]
V  [jvm.dll+0x45ab9e]
V  [jvm.dll+0x45c771]
C  [jli.dll+0x52ab]
C  [ucrtbase.dll+0x37b0]
C  [KERNEL32.DLL+0x2e8d7]
C  [ntdll.dll+0x3c34c]


---------------  P R O C E S S  ---------------

Threads class SMR info:
_java_thread_list=0x00007fff26fdd108, length=0, elements={
}

Java Threads: ( => current thread )
Total: 0

Other Threads:
  0x0000016de09ff040 WorkerThread "GC Thread#0"                     [id=23312, stack(0x0000002705d00000,0x0000002705e00000) (1024K)]
  0x0000016de2cb2cc0 ConcurrentGCThread "G1 Main Marker"            [id=10104, stack(0x0000002705e00000,0x0000002705f00000) (1024K)]
  0x0000016de0a009a0 WorkerThread "G1 Conc#0"                       [id=26616, stack(0x0000002705f00000,0x0000002706000000) (1024K)]

[error occurred during error reporting (printing all threads), id 0xc0000005, EXCEPTION_ACCESS_VIOLATION (0xc0000005) at pc=0x00007fff266d52d7]
VM state: not at safepoint (not fully initialized)

VM Mutex/Monitor currently owned by a thread:  ([mutex/lock_event])
[0x00007fff27051858] Heap_lock - owner thread: 0x0000016de0a22c20

Heap address: 0x0000000703a00000, size: 4038 MB, Compressed Oops mode: Zero based, Oop shift amount: 3

CDS archive(s) mapped at: [0x0000000000000000-0x0000000000000000-0x0000000000000000), size 0, SharedBaseAddress: 0x0000000800000000, ArchiveRelocationMode: 1.
Narrow klass base: 0x0000000000000000, Narrow klass shift: 0, Narrow klass range: 0x0

GC Precious Log:
 CardTable entry size: 512
 Card Set container configuration: InlinePtr #cards 4 size 8 Array Of Cards #cards 16 size 48 Howl #buckets 8 coarsen threshold 3686 Howl Bitmap #cards 512 size 80 coarsen threshold 460 Card regions per heap region 1 cards per card region 4096

Heap:
 garbage-first heap   total 0K, used 0K [0x0000000703a00000, 0x0000000800000000)
  region size 2048K, 0 young (0K), 0 survivors (0K)
 Metaspace       used 0K, committed 0K, reserved 0K
  class space    used 0K, committed 0K, reserved 0K

Heap Regions: E=young(eden), S=young(survivor), O=old, HS=humongous(starts), HC=humongous(continues), CS=collection set, F=free, TAMS=top-at-mark-start, PB=parsable bottom

Card table byte_map: [0x0000016df6670000,0x0000016df6e60000] _byte_map_base: 0x0000016df2e53000

Marking Bits: (CMBitMap*) 0x0000016de2ca2790
 Bits: [0x0000016df6e60000, 0x0000016dfad78000)

GC Heap History (0 events):
No events

Dll operation events (1 events):
Event: 0.010 Loaded shared library C:\Program Files\JetBrains\PhpStorm 2024.2.1\jbr\bin\java.dll

Deoptimization events (0 events):
No events

Classes loaded (0 events):
No events

Classes unloaded (0 events):
No events

Classes redefined (0 events):
No events

Internal exceptions (0 events):
No events

ZGC Phase Switch (0 events):
No events

VM Operations (0 events):
No events

Events (0 events):
No events


Dynamic libraries:
0x00007ff6522e0000 - 0x00007ff6522ea000 	C:\Program Files\JetBrains\PhpStorm 2024.2.1\jbr\bin\java.exe
0x00007fffb6380000 - 0x00007fffb65e5000 	C:\WINDOWS\SYSTEM32\ntdll.dll
0x00007fffb47f0000 - 0x00007fffb48b9000 	C:\WINDOWS\System32\KERNEL32.DLL
0x00007fffb3860000 - 0x00007fffb3c48000 	C:\WINDOWS\System32\KERNELBASE.dll
0x00007fffb3da0000 - 0x00007fffb3eeb000 	C:\WINDOWS\System32\ucrtbase.dll
0x00007fffa1160000 - 0x00007fffa1178000 	C:\Program Files\JetBrains\PhpStorm 2024.2.1\jbr\bin\jli.dll
0x00007fffa4770000 - 0x00007fffa478b000 	C:\Program Files\JetBrains\PhpStorm 2024.2.1\jbr\bin\VCRUNTIME140.dll
0x00007fffb4cd0000 - 0x00007fffb4e9a000 	C:\WINDOWS\System32\USER32.dll
0x00007fffb3830000 - 0x00007fffb3857000 	C:\WINDOWS\System32\win32u.dll
0x00007fff9c900000 - 0x00007fff9cb9a000 	C:\WINDOWS\WinSxS\amd64_microsoft.windows.common-controls_6595b64144ccf1df_6.0.26100.4202_none_3e0698d4e335f517\COMCTL32.dll
0x00007fffb52b0000 - 0x00007fffb52db000 	C:\WINDOWS\System32\GDI32.dll
0x00007fffb5b70000 - 0x00007fffb5c19000 	C:\WINDOWS\System32\msvcrt.dll
0x00007fffb36f0000 - 0x00007fffb3827000 	C:\WINDOWS\System32\gdi32full.dll
0x00007fffb3ef0000 - 0x00007fffb3f93000 	C:\WINDOWS\System32\msvcp_win.dll
0x00007fffb4f30000 - 0x00007fffb4f60000 	C:\WINDOWS\System32\IMM32.DLL
0x00007ffface30000 - 0x00007ffface3c000 	C:\Program Files\JetBrains\PhpStorm 2024.2.1\jbr\bin\vcruntime140_1.dll
0x00007fff8f860000 - 0x00007fff8f8ed000 	C:\Program Files\JetBrains\PhpStorm 2024.2.1\jbr\bin\msvcp140.dll
0x00007fff26390000 - 0x00007fff27142000 	C:\Program Files\JetBrains\PhpStorm 2024.2.1\jbr\bin\server\jvm.dll
0x00007fffb42a0000 - 0x00007fffb4353000 	C:\WINDOWS\System32\ADVAPI32.dll
0x00007fffb4fc0000 - 0x00007fffb5066000 	C:\WINDOWS\System32\sechost.dll
0x00007fffb5de0000 - 0x00007fffb5ef5000 	C:\WINDOWS\System32\RPCRT4.dll
0x00007fffb48c0000 - 0x00007fffb4934000 	C:\WINDOWS\System32\WS2_32.dll
0x00007fff9add0000 - 0x00007fff9ae05000 	C:\WINDOWS\SYSTEM32\WINMM.dll
0x00007fffa26c0000 - 0x00007fffa26cb000 	C:\WINDOWS\SYSTEM32\VERSION.dll
0x00007fffb3270000 - 0x00007fffb32ce000 	C:\WINDOWS\SYSTEM32\POWRPROF.dll
0x00007fffb3160000 - 0x00007fffb3174000 	C:\WINDOWS\SYSTEM32\UMPDC.dll
0x00007fffb2290000 - 0x00007fffb22ab000 	C:\WINDOWS\SYSTEM32\kernel.appcore.dll
0x00007fffaab90000 - 0x00007fffaab9a000 	C:\Program Files\JetBrains\PhpStorm 2024.2.1\jbr\bin\jimage.dll
0x00007fffad9f0000 - 0x00007fffadc31000 	C:\WINDOWS\SYSTEM32\DBGHELP.DLL
0x00007fffb4940000 - 0x00007fffb4cc5000 	C:\WINDOWS\System32\combase.dll
0x00007fffb5cd0000 - 0x00007fffb5db1000 	C:\WINDOWS\System32\OLEAUT32.dll
0x00007fff9ad90000 - 0x00007fff9adc9000 	C:\WINDOWS\SYSTEM32\dbgcore.DLL
0x00007fffb3650000 - 0x00007fffb36e9000 	C:\WINDOWS\System32\bcryptPrimitives.dll
0x00007fff8ba70000 - 0x00007fff8ba8f000 	C:\Program Files\JetBrains\PhpStorm 2024.2.1\jbr\bin\java.dll

dbghelp: loaded successfully - version: 4.0.5 - missing functions: none
symbol engine: initialized successfully - sym options: 0x614 - pdb path: .;C:\Program Files\JetBrains\PhpStorm 2024.2.1\jbr\bin;C:\WINDOWS\SYSTEM32;C:\WINDOWS\WinSxS\amd64_microsoft.windows.common-controls_6595b64144ccf1df_6.0.26100.4202_none_3e0698d4e335f517;C:\Program Files\JetBrains\PhpStorm 2024.2.1\jbr\bin\server

VM Arguments:
java_command: git4idea.http.GitAskPassApp Username for 'https://github.com': 
java_class_path (initial): C:/Program Files/JetBrains/PhpStorm 2024.2.1/plugins/vcs-git/lib/git4idea-rt.jar;C:/Program Files/JetBrains/PhpStorm 2024.2.1/lib/externalProcess-rt.jar
Launcher Type: SUN_STANDARD

[Global flags]
     intx CICompilerCount                          = 4                                         {product} {ergonomic}
     uint ConcGCThreads                            = 2                                         {product} {ergonomic}
     uint G1ConcRefinementThreads                  = 8                                         {product} {ergonomic}
   size_t G1HeapRegionSize                         = 2097152                                   {product} {ergonomic}
    uintx GCDrainStackTargetSize                   = 64                                        {product} {ergonomic}
   size_t InitialHeapSize                          = 266338304                                 {product} {ergonomic}
   size_t MarkStackSize                            = 4194304                                   {product} {ergonomic}
   size_t MaxHeapSize                              = 4234149888                                {product} {ergonomic}
   size_t MinHeapDeltaBytes                        = 2097152                                   {product} {ergonomic}
   size_t MinHeapSize                              = 8388608                                   {product} {ergonomic}
    uintx NonNMethodCodeHeapSize                   = 5839372                                {pd product} {ergonomic}
    uintx NonProfiledCodeHeapSize                  = 122909434                              {pd product} {ergonomic}
    uintx ProfiledCodeHeapSize                     = 122909434                              {pd product} {ergonomic}
    uintx ReservedCodeCacheSize                    = 251658240                              {pd product} {ergonomic}
     bool SegmentedCodeCache                       = true                                      {product} {ergonomic}
   size_t SoftMaxHeapSize                          = 4234149888                             {manageable} {ergonomic}
     bool UseCompressedOops                        = true                           {product lp64_product} {ergonomic}
     bool UseG1GC                                  = true                                      {product} {ergonomic}
     bool UseLargePagesIndividualAllocation        = false                                  {pd product} {ergonomic}

Logging:
Log output configuration:
 #0: stdout all=warning uptime,level,tags foldmultilines=false
 #1: stderr all=off uptime,level,tags foldmultilines=false

Environment Variables:
PATH=C:\Program Files\Git\mingw64\libexec\git-core;C:\Program Files\Git\mingw64\libexec\git-core;C:\Program Files\Git\mingw64\bin;C:\Program Files\Git\usr\bin;C:\Users\MONSAN Josue\bin;C:\Program Files (x86)\VMware\VMware Player\bin;C:\Program Files\Common Files\Oracle\Java\javapath;C:\Program Files\Docker\Docker\resources\bin;C:\WINDOWS\system32;C:\WINDOWS;C:\WINDOWS\System32\Wbem;C:\WINDOWS\System32\WindowsPowerShell\v1.0;C:\WINDOWS\System32\OpenSSH;C:\Users\PC\AppData\Local\Programs\Python\Python312;C:\php;C:\composer;C:\Program Files\Git\cmd;C:\Program Files\nodejs;C:\Program Files\dotnet;C:\Users\MONSAN Josue\AppData\Local\Programs\Python\Launcher;C:\Users\MONSAN Josue\.console-ninja\.bin;C:\Users\MONSAN Josue\AppData\Local\Microsoft\WindowsApps;C:\Users\MONSAN Josue\AppData\Local\Programs\Microsoft VS Code\bin;C:\Program Files\JetBrains\PhpStorm 2024.2.1\bin;C:\Program Files\JetBrains\IntelliJ IDEA 2024.2.1\bin;C:\Users\MONSAN Josue\AppData\Local\JetBrains\Toolbox\scripts;C:\Program Files\JetBrains\IntelliJ IDEA Community Edition 2024.2.3\bin;C:\Users\MONSAN Josue\AppData\Local\Microsoft\WindowsApps;C:\Users\MONSAN Josue\AppData\Roaming\Composer\vendor\bin;C:\Users\MONSAN Josue\AppData\Roaming\npm;C:\Users\MONSAN Josue\AppData\Local\Programs\cursor\resources\app\bin;C:\php
USERNAME=MONSAN Josue
DISPLAY=:0.0
LC_ALL=en_US.UTF-8
TERM=xterm-256color
TMPDIR=C:\Users\MONSAN~1\AppData\Local\Temp
OS=Windows_NT
PROCESSOR_IDENTIFIER=Intel64 Family 6 Model 126 Stepping 5, GenuineIntel
TMP=C:\Users\MONSAN~1\AppData\Local\Temp
TEMP=C:\Users\MONSAN~1\AppData\Local\Temp




Periodic native trim disabled

JNI global refs:
JNI global refs: 0, weak refs: 0

JNI global refs memory usage: 0, weak refs: 0

Process memory usage:
Resident Set Size: 13060K (0% of 16539028K total physical memory with 4740216K free physical memory)

OOME stack traces (most recent first):
Classloader memory used:

---------------  S Y S T E M  ---------------

OS:
 Windows 11 , 64 bit Build 26100 (10.0.26100.4202)
OS uptime: 2 days 12:06 hours
Hyper-V role detected

CPU: total 8 (initial active 8) (4 cores per cpu, 2 threads per core) family 6 model 126 stepping 5 microcode 0xbc, cx8, cmov, fxsr, ht, mmx, 3dnowpref, sse, sse2, sse3, ssse3, sse4.1, sse4.2, popcnt, lzcnt, tsc, tscinvbit, avx, avx2, aes, erms, clmul, bmi1, bmi2, adx, avx512f, avx512dq, avx512cd, avx512bw, avx512vl, sha, fma, vzeroupper, avx512_vpopcntdq, avx512_vpclmulqdq, avx512_vaes, avx512_vnni, clflush, clflushopt, avx512_vbmi2, avx512_vbmi, hv, rdtscp, rdpid, fsrm, gfni, avx512_bitalg, f16c, avx512_ifma
Processor Information for all 8 processors :
  Max Mhz: 1498, Current Mhz: 998, Mhz Limit: 988

Memory: 4k page, system-wide physical 16151M (4629M free)
TotalPageFile size 16151M (AvailPageFile size 121M)
current process WorkingSet (physical memory assigned to process): 12M, peak: 12M
current process commit charge ("private bytes"): 60M, peak: 314M

vm_info: OpenJDK 64-Bit Server VM (21.0.3+13-b509.11) for windows-amd64 JRE (21.0.3+13-b509.11), built on 2024-08-12 by "builduser" with MS VC++ 16.10 / 16.11 (VS2019)

END.
